Using pre-set license
Built from '2021.3/staging' branch; Version is '2021.3.19f1 (c9714fde33b6) revision 13201743'; Using compiler version '192829333'; Build Type 'Release'
OS: 'Windows 11  (10.0.22621) 64bit Core' Language: 'en' Physical Memory: 16149 MB
BatchMode: 1, IsHumanControllingUs: 0, StartBugReporterOnCrash: 0, Is64bit: 1, IsPro: 1

COMMAND LINE ARGUMENTS:
C:\Program Files\Unity 2021.3.19f1\Editor\Unity.exe
-adb2
-batchMode
-noUpm
-name
AssetImportWorker1
-projectPath
C:/Users/thecr/Documents/GameDesign/Unity-Physics-Project
-logFile
Logs/AssetImportWorker1.log
-srvPort
53876
Successfully changed project path to: C:/Users/thecr/Documents/GameDesign/Unity-Physics-Project
C:/Users/thecr/Documents/GameDesign/Unity-Physics-Project
[UnityMemory] Configuration Parameters - Can be set up in boot.config
    "memorysetup-bucket-allocator-granularity=16"
    "memorysetup-bucket-allocator-bucket-count=8"
    "memorysetup-bucket-allocator-block-size=33554432"
    "memorysetup-bucket-allocator-block-count=8"
    "memorysetup-main-allocator-block-size=16777216"
    "memorysetup-thread-allocator-block-size=16777216"
    "memorysetup-gfx-main-allocator-block-size=16777216"
    "memorysetup-gfx-thread-allocator-block-size=16777216"
    "memorysetup-cache-allocator-block-size=4194304"
    "memorysetup-typetree-allocator-block-size=2097152"
    "memorysetup-profiler-bucket-allocator-granularity=16"
    "memorysetup-profiler-bucket-allocator-bucket-count=8"
    "memorysetup-profiler-bucket-allocator-block-size=33554432"
    "memorysetup-profiler-bucket-allocator-block-count=8"
    "memorysetup-profiler-allocator-block-size=16777216"
    "memorysetup-profiler-editor-allocator-block-size=1048576"
    "memorysetup-temp-allocator-size-main=16777216"
    "memorysetup-job-temp-allocator-block-size=2097152"
    "memorysetup-job-temp-allocator-block-size-background=1048576"
    "memorysetup-job-temp-allocator-reduction-small-platforms=262144"
    "memorysetup-temp-allocator-size-background-worker=32768"
    "memorysetup-temp-allocator-size-job-worker=262144"
    "memorysetup-temp-allocator-size-preload-manager=33554432"
    "memorysetup-temp-allocator-size-nav-mesh-worker=65536"
    "memorysetup-temp-allocator-size-audio-worker=65536"
    "memorysetup-temp-allocator-size-cloud-worker=32768"
    "memorysetup-temp-allocator-size-gi-baking-worker=262144"
    "memorysetup-temp-allocator-size-gfx=262144"
Player connection [28516] Host "[IP] 192.168.254.49 [Port] 0 [Flags] 2 [Guid] 1169212657 [EditorId] 1169212657 [Version] 1048832 [Id] WindowsEditor(7,LAPTOP-LFC6IMOQ) [Debug] 1 [PackageName] WindowsEditor [ProjectName] Editor" joined multi-casting on [225.0.0.222:54997]...

Player connection [28516] Host "[IP] 192.168.254.49 [Port] 0 [Flags] 2 [Guid] 1169212657 [EditorId] 1169212657 [Version] 1048832 [Id] WindowsEditor(7,LAPTOP-LFC6IMOQ) [Debug] 1 [PackageName] WindowsEditor [ProjectName] Editor" joined alternative multi-casting on [225.0.0.222:34997]...

Refreshing native plugins compatible for Editor in 26.90 ms, found 2 plugins.
Preloading 0 native plugins for Editor in 0.00 ms.
Initialize engine version: 2021.3.19f1 (c9714fde33b6)
[Subsystems] Discovering subsystems at path C:/Program Files/Unity 2021.3.19f1/Editor/Data/Resources/UnitySubsystems
[Subsystems] Discovering subsystems at path C:/Users/thecr/Documents/GameDesign/Unity-Physics-Project/Assets
GfxDevice: creating device client; threaded=0; jobified=0
Direct3D:
    Version:  Direct3D 11.0 [level 11.1]
    Renderer: NVIDIA GeForce MX450 (ID=0x1f97)
    Vendor:   NVIDIA
    VRAM:     1920 MB
    Driver:   31.0.15.3742
Initialize mono
Mono path[0] = 'C:/Program Files/Unity 2021.3.19f1/Editor/Data/Managed'
Mono path[1] = 'C:/Program Files/Unity 2021.3.19f1/Editor/Data/MonoBleedingEdge/lib/mono/unityjit-win32'
Mono config path = 'C:/Program Files/Unity 2021.3.19f1/Editor/Data/MonoBleedingEdge/etc'
Using monoOptions --debugger-agent=transport=dt_socket,embedding=1,server=y,suspend=n,address=127.0.0.1:56528
Begin MonoManager ReloadAssembly
Registering precompiled unity dll's ...
Register platform support module: C:/Program Files/Unity 2021.3.19f1/Editor/Data/PlaybackEngines/WindowsStandaloneSupport/UnityEditor.WindowsStandalone.Extensions.dll
Registered in 0.008025 seconds.
Native extension for WindowsStandalone target not found
Refreshing native plugins compatible for Editor in 26.95 ms, found 2 plugins.
Preloading 0 native plugins for Editor in 0.00 ms.
Mono: successfully reloaded assembly
- Completed reload, in  0.675 seconds
Domain Reload Profiling:
	ReloadAssembly (676ms)
		BeginReloadAssembly (95ms)
			ExecutionOrderSort (0ms)
			DisableScriptedObjects (0ms)
			BackupInstance (0ms)
			ReleaseScriptingObjects (0ms)
			CreateAndSetChildDomain (1ms)
		EndReloadAssembly (439ms)
			LoadAssemblies (91ms)
			RebuildTransferFunctionScriptingTraits (0ms)
			SetupTypeCache (110ms)
			ReleaseScriptCaches (0ms)
			RebuildScriptCaches (28ms)
			SetupLoadedEditorAssemblies (244ms)
				LogAssemblyErrors (0ms)
				InitializePlatformSupportModulesInManaged (9ms)
				SetLoadedEditorAssemblies (0ms)
				RefreshPlugins (27ms)
				BeforeProcessingInitializeOnLoad (1ms)
				ProcessInitializeOnLoadAttributes (150ms)
				ProcessInitializeOnLoadMethodAttributes (57ms)
				AfterProcessingInitializeOnLoad (0ms)
				EditorAssembliesLoaded (0ms)
			ExecutionOrderSort2 (0ms)
			AwakeInstancesAfterBackupRestoration (0ms)
Platform modules already initialized, skipping
Registering precompiled user dll's ...
Registered in 0.005737 seconds.
Begin MonoManager ReloadAssembly
Native extension for WindowsStandalone target not found
Refreshing native plugins compatible for Editor in 0.40 ms, found 2 plugins.
Preloading 0 native plugins for Editor in 0.00 ms.
Mono: successfully reloaded assembly
- Completed reload, in  0.973 seconds
Domain Reload Profiling:
	ReloadAssembly (973ms)
		BeginReloadAssembly (127ms)
			ExecutionOrderSort (0ms)
			DisableScriptedObjects (5ms)
			BackupInstance (0ms)
			ReleaseScriptingObjects (0ms)
			CreateAndSetChildDomain (22ms)
		EndReloadAssembly (689ms)
			LoadAssemblies (93ms)
			RebuildTransferFunctionScriptingTraits (0ms)
			SetupTypeCache (201ms)
			ReleaseScriptCaches (0ms)
			RebuildScriptCaches (48ms)
			SetupLoadedEditorAssemblies (318ms)
				LogAssemblyErrors (0ms)
				InitializePlatformSupportModulesInManaged (8ms)
				SetLoadedEditorAssemblies (1ms)
				RefreshPlugins (1ms)
				BeforeProcessingInitializeOnLoad (60ms)
				ProcessInitializeOnLoadAttributes (205ms)
				ProcessInitializeOnLoadMethodAttributes (31ms)
				AfterProcessingInitializeOnLoad (13ms)
				EditorAssembliesLoaded (0ms)
			ExecutionOrderSort2 (0ms)
			AwakeInstancesAfterBackupRestoration (7ms)
Platform modules already initialized, skipping
========================================================================
Worker process is ready to serve import requests
Launched and connected shader compiler UnityShaderCompiler.exe after 0.09 seconds
Refreshing native plugins compatible for Editor in 0.52 ms, found 2 plugins.
Preloading 0 native plugins for Editor in 0.00 ms.
Unloading 1411 Unused Serialized files (Serialized files now loaded: 0)
Unloading 20 unused Assets / (47.8 KB). Loaded Objects now: 1883.
Memory consumption went from 64.5 MB to 64.4 MB.
Total: 3.568300 ms (FindLiveObjects: 0.184600 ms CreateObjectMapping: 0.048200 ms MarkObjects: 3.243400 ms  DeleteObjects: 0.090200 ms)

AssetImportParameters requested are different than current active one (requested -> active):
  custom:video-decoder-ogg-theora: a1e56fd34408186e4bbccfd4996cb3dc -> 
  custom:container-muxer-webm: aa71ff27fc2769a1b78a27578f13a17b -> 
  custom:container-demuxer-webm: 4f35f7cbe854078d1ac9338744f61a02 -> 
  custom:video-encoder-webm-vp8: eb34c28f22e8b96e1ab97ce403110664 -> 
  custom:video-codec-MediaFoundation-h265: 746d11721c4dcdbdad8f713fa42b33f4 -> 
  custom:audio-encoder-webm-vorbis: bf7c407c2cedff20999df2af8eb42d56 -> 
  custom:framework-win-MediaFoundation: 216162199b28c13a410421893ffa2e32 -> 
  custom:container-demuxer-ogg: 62fdf1f143b41e24485cea50d1cbac27 -> 
  custom:video-decoder-webm-vp8: 9c59270c3fd7afecdb556c50c9e8de78 -> 
  custom:audio-decoder-ogg-vorbis: bf7c407c2cedff20999df2af8eb42d56 -> 
========================================================================
Received Import Request.
  Time since last request: 443156.657396 seconds.
  path: Assets/Materials/Purple.mat
  artifactKey: Guid(7b2bfa551ccfe43988cf3c22c1226368) Importer(815301076,1909f56bfc062723c751e8b465ee728b)
Start importing Assets/Materials/Purple.mat using Guid(7b2bfa551ccfe43988cf3c22c1226368) Importer(815301076,1909f56bfc062723c751e8b465ee728b)  -> (artifact id: 'a16d25a542b5bfe8b331bd618fc61909') in 0.231531 seconds 
========================================================================
Received Import Request.
  Time since last request: 0.000026 seconds.
  path: Assets/Boximon Cyclops
  artifactKey: Guid(80072277bdd8544b2b8e942950546efa) Importer(815301076,1909f56bfc062723c751e8b465ee728b)
Start importing Assets/Boximon Cyclops using Guid(80072277bdd8544b2b8e942950546efa) Importer(815301076,1909f56bfc062723c751e8b465ee728b)  -> (artifact id: '971bef2870d3ed7562ed4954459b797b') in 0.008563 seconds 
========================================================================
Received Import Request.
  Time since last request: 0.000052 seconds.
  path: Assets/Materials/Blue.mat
  artifactKey: Guid(4fbe54d8748a94319860b7964e5d295d) Importer(815301076,1909f56bfc062723c751e8b465ee728b)
Start importing Assets/Materials/Blue.mat using Guid(4fbe54d8748a94319860b7964e5d295d) Importer(815301076,1909f56bfc062723c751e8b465ee728b)  -> (artifact id: '176da9e9f993fa7f21d44e236ef20457') in 0.226530 seconds 
========================================================================
Received Import Request.
  Time since last request: 1.581032 seconds.
  path: Assets/Boximon Cyclops/Materials/Boximon Cyclopes.mat
  artifactKey: Guid(641e51ebbef02464da661776af055548) Importer(815301076,1909f56bfc062723c751e8b465ee728b)
Start importing Assets/Boximon Cyclops/Materials/Boximon Cyclopes.mat using Guid(641e51ebbef02464da661776af055548) Importer(815301076,1909f56bfc062723c751e8b465ee728b)  -> (artifact id: '6e6492fa57566acff460754730e072d0') in 0.022198 seconds 
========================================================================
Received Import Request.
  Time since last request: 0.000018 seconds.
  path: Assets/Platforms/Materials/Button Blue 1.mat
  artifactKey: Guid(d039561a0d242784196a9f282d2d2c08) Importer(815301076,1909f56bfc062723c751e8b465ee728b)
Start importing Assets/Platforms/Materials/Button Blue 1.mat using Guid(d039561a0d242784196a9f282d2d2c08) Importer(815301076,1909f56bfc062723c751e8b465ee728b)  -> (artifact id: 'f702ff9131e7e463c6219d2f2d494538') in 0.108306 seconds 
========================================================================
Received Import Request.
  Time since last request: 0.000027 seconds.
  path: Assets/Platforms/Models/Waypoint FX.FBX
  artifactKey: Guid(07e7624b5f70158418996853d19b00ba) Importer(815301076,1909f56bfc062723c751e8b465ee728b)
Start importing Assets/Platforms/Models/Waypoint FX.FBX using Guid(07e7624b5f70158418996853d19b00ba) Importer(815301076,1909f56bfc062723c751e8b465ee728b)  -> (artifact id: '42b814d1ed82cd15330b419ce63b1427') in 0.094358 seconds 
========================================================================
Received Import Request.
  Time since last request: 0.000029 seconds.
  path: Assets/Platforms/Models/Button Platform 01.FBX
  artifactKey: Guid(f7c7946de8294fa4887750e212a001a3) Importer(815301076,1909f56bfc062723c751e8b465ee728b)
Start importing Assets/Platforms/Models/Button Platform 01.FBX using Guid(f7c7946de8294fa4887750e212a001a3) Importer(815301076,1909f56bfc062723c751e8b465ee728b)  -> (artifact id: '7fb5e68de83fd7dda712514fa04d2435') in 0.046469 seconds 
========================================================================
Received Import Request.
  Time since last request: 0.000031 seconds.
  path: Assets/Platforms/Models/Grass 01.FBX
  artifactKey: Guid(c2cf9f73c2c052c47baf679fa7478662) Importer(815301076,1909f56bfc062723c751e8b465ee728b)
Start importing Assets/Platforms/Models/Grass 01.FBX using Guid(c2cf9f73c2c052c47baf679fa7478662) Importer(815301076,1909f56bfc062723c751e8b465ee728b)  -> (artifact id: 'dcb1b0bfc15cc9e559c5a895433a1a87') in 0.032873 seconds 
========================================================================
Received Import Request.
  Time since last request: 0.000023 seconds.
  path: Assets/Platforms/Models/Water 01.FBX
  artifactKey: Guid(d8be467a57b68b14583adbf3902c07d4) Importer(815301076,1909f56bfc062723c751e8b465ee728b)
Start importing Assets/Platforms/Models/Water 01.FBX using Guid(d8be467a57b68b14583adbf3902c07d4) Importer(815301076,1909f56bfc062723c751e8b465ee728b)  -> (artifact id: '015056819fd983256e23fd16808d6556') in 0.028584 seconds 
========================================================================
Received Import Request.
  Time since last request: 0.000017 seconds.
  path: Assets/Platforms/Materials/Mega Toon Tilemap 01.mat
  artifactKey: Guid(e11820def211aac499d1bcf50c3e3f8a) Importer(815301076,1909f56bfc062723c751e8b465ee728b)
Start importing Assets/Platforms/Materials/Mega Toon Tilemap 01.mat using Guid(e11820def211aac499d1bcf50c3e3f8a) Importer(815301076,1909f56bfc062723c751e8b465ee728b)  -> (artifact id: '13c4b5c2621471d669f5dd3f5e0b1d15') in 0.017924 seconds 
========================================================================
Received Import Request.
  Time since last request: 0.000019 seconds.
  path: Assets/Platforms/Models/Bridge 01.FBX
  artifactKey: Guid(e5261c64b0b362240b00537d11bc82be) Importer(815301076,1909f56bfc062723c751e8b465ee728b)
Start importing Assets/Platforms/Models/Bridge 01.FBX using Guid(e5261c64b0b362240b00537d11bc82be) Importer(815301076,1909f56bfc062723c751e8b465ee728b)  -> (artifact id: 'c06e8ca63008c810ad63c3a46d31b714') in 0.030109 seconds 
========================================================================
Received Import Request.
  Time since last request: 0.000017 seconds.
  path: Assets/Platforms/Materials/FX Star.mat
  artifactKey: Guid(3841fc494b23b3f42adf71e7d6beaf94) Importer(815301076,1909f56bfc062723c751e8b465ee728b)
Start importing Assets/Platforms/Materials/FX Star.mat using Guid(3841fc494b23b3f42adf71e7d6beaf94) Importer(815301076,1909f56bfc062723c751e8b465ee728b)  -> (artifact id: '60980a77b6e5b3d37250099b6336b342') in 0.046337 seconds 
========================================================================
Received Import Request.
  Time since last request: 2.236937 seconds.
  path: Assets/Boximon Cyclops/Animations/Boximon@Attack 01.FBX
  artifactKey: Guid(c256d06ac23fc304783b388694974f3e) Importer(815301076,1909f56bfc062723c751e8b465ee728b)
Start importing Assets/Boximon Cyclops/Animations/Boximon@Attack 01.FBX using Guid(c256d06ac23fc304783b388694974f3e) Importer(815301076,1909f56bfc062723c751e8b465ee728b)  -> (artifact id: '03fef8ab3c61f6b500c0f965056cc778') in 0.016927 seconds 
========================================================================
Received Import Request.
  Time since last request: 0.000015 seconds.
  path: Assets/Boximon Cyclops/Animations/Boximon@Walk Forward In Place.FBX
  artifactKey: Guid(239bbf44e2c2d48eab08be268b69196d) Importer(815301076,1909f56bfc062723c751e8b465ee728b)
Start importing Assets/Boximon Cyclops/Animations/Boximon@Walk Forward In Place.FBX using Guid(239bbf44e2c2d48eab08be268b69196d) Importer(815301076,1909f56bfc062723c751e8b465ee728b)  -> (artifact id: '79acbe9498c43ff3279ef5c22dc591ea') in 0.015977 seconds 
========================================================================
Received Import Request.
  Time since last request: 0.000015 seconds.
  path: Assets/Boximon Cyclops/Animations/Boximon@Die.FBX
  artifactKey: Guid(3014723763036b442b52f60b16e2aa31) Importer(815301076,1909f56bfc062723c751e8b465ee728b)
Start importing Assets/Boximon Cyclops/Animations/Boximon@Die.FBX using Guid(3014723763036b442b52f60b16e2aa31) Importer(815301076,1909f56bfc062723c751e8b465ee728b)  -> (artifact id: '10bb8ccac6f51ce893f065190e46a12f') in 0.016264 seconds 
========================================================================
Received Import Request.
  Time since last request: 0.000016 seconds.
  path: Assets/Boximon Cyclops/Animations/Boximon@Idle.FBX
  artifactKey: Guid(4cad842dbf772894698e9a0bbaf5acef) Importer(815301076,1909f56bfc062723c751e8b465ee728b)
Start importing Assets/Boximon Cyclops/Animations/Boximon@Idle.FBX using Guid(4cad842dbf772894698e9a0bbaf5acef) Importer(815301076,1909f56bfc062723c751e8b465ee728b)  -> (artifact id: 'b6e4b338aae730e14bdbb21335e874fd') in 0.017212 seconds 
========================================================================
Received Import Request.
  Time since last request: 0.000017 seconds.
  path: Assets/Boximon Cyclops/Animations/Boximon@Run Forward W Root.FBX
  artifactKey: Guid(3da97c2072a214f858148d3f91740a21) Importer(815301076,1909f56bfc062723c751e8b465ee728b)
Start importing Assets/Boximon Cyclops/Animations/Boximon@Run Forward W Root.FBX using Guid(3da97c2072a214f858148d3f91740a21) Importer(815301076,1909f56bfc062723c751e8b465ee728b)  -> (artifact id: 'fa1d5a9f4ba90232d2293c2b66bea16d') in 0.018118 seconds 
========================================================================
Received Import Request.
  Time since last request: 0.000015 seconds.
  path: Assets/Boximon Cyclops/Animations/Boximon@Run W Root.FBX
  artifactKey: Guid(b061ae134f6f1184eafbd5a4797f1571) Importer(815301076,1909f56bfc062723c751e8b465ee728b)
Start importing Assets/Boximon Cyclops/Animations/Boximon@Run W Root.FBX using Guid(b061ae134f6f1184eafbd5a4797f1571) Importer(815301076,1909f56bfc062723c751e8b465ee728b)  -> (artifact id: '52871c723a1a3738f74a45194ea1b2f4') in 0.015117 seconds 
========================================================================
Received Import Request.
  Time since last request: 0.000023 seconds.
  path: Assets/Boximon Cyclops/Animations/Boximon@Take Damage.FBX
  artifactKey: Guid(18abc2beedf0b4a499d3f8f43782198e) Importer(815301076,1909f56bfc062723c751e8b465ee728b)
Start importing Assets/Boximon Cyclops/Animations/Boximon@Take Damage.FBX using Guid(18abc2beedf0b4a499d3f8f43782198e) Importer(815301076,1909f56bfc062723c751e8b465ee728b)  -> (artifact id: '3da65482e310197f2da4a66edcb85d93') in 0.016552 seconds 
========================================================================
Received Import Request.
  Time since last request: 0.000030 seconds.
  path: Assets/Boximon Cyclops/Animations/Boximon@Walk In Place.FBX
  artifactKey: Guid(29aefb5f354ef414099d5d72f4702cf7) Importer(815301076,1909f56bfc062723c751e8b465ee728b)
Start importing Assets/Boximon Cyclops/Animations/Boximon@Walk In Place.FBX using Guid(29aefb5f354ef414099d5d72f4702cf7) Importer(815301076,1909f56bfc062723c751e8b465ee728b)  -> (artifact id: 'bad9a284f817491cc3cd3304e5d92a0b') in 0.015119 seconds 
========================================================================
Received Import Request.
  Time since last request: 1.488273 seconds.
  path: Assets/Platforms/Prefabs/Bridge 01.prefab
  artifactKey: Guid(41b018f12ce178147b4607881dbcdcea) Importer(815301076,1909f56bfc062723c751e8b465ee728b)
Start importing Assets/Platforms/Prefabs/Bridge 01.prefab using Guid(41b018f12ce178147b4607881dbcdcea) Importer(815301076,1909f56bfc062723c751e8b465ee728b)  -> (artifact id: '1eced7ead52185957f3d8a26a7057e23') in 0.024224 seconds 
========================================================================
Received Import Request.
  Time since last request: 0.000017 seconds.
  path: Assets/Platforms/Prefabs/Trap 01.prefab
  artifactKey: Guid(eb3f51c9e4e6faa45b78a8c2a6e0c16d) Importer(815301076,1909f56bfc062723c751e8b465ee728b)
Start importing Assets/Platforms/Prefabs/Trap 01.prefab using Guid(eb3f51c9e4e6faa45b78a8c2a6e0c16d) Importer(815301076,1909f56bfc062723c751e8b465ee728b)  -> (artifact id: '5ca84871d943ff035ec4765a8e5c9f4d') in 0.018973 seconds 
========================================================================
Received Import Request.
  Time since last request: 0.000026 seconds.
  path: Assets/Platforms/Prefabs/FX Star.prefab
  artifactKey: Guid(cf2b180cac3506c4a9a0ab45fe990065) Importer(815301076,1909f56bfc062723c751e8b465ee728b)
Start importing Assets/Platforms/Prefabs/FX Star.prefab using Guid(cf2b180cac3506c4a9a0ab45fe990065) Importer(815301076,1909f56bfc062723c751e8b465ee728b)  -> (artifact id: '16f59048355ba1a1f336ae9800b6606a') in 0.024382 seconds 
========================================================================
Received Import Request.
  Time since last request: 0.000029 seconds.
  path: Assets/Prefabs/Rotating Cube.prefab
  artifactKey: Guid(eb0d9ff2fae5f4d3fa59842a7a2ce247) Importer(815301076,1909f56bfc062723c751e8b465ee728b)
Start importing Assets/Prefabs/Rotating Cube.prefab using Guid(eb0d9ff2fae5f4d3fa59842a7a2ce247) Importer(815301076,1909f56bfc062723c751e8b465ee728b)  -> (artifact id: '8b63fae89cbec0d3c549d7d844c4fa44') in 0.020930 seconds 
========================================================================
Received Import Request.
  Time since last request: 0.000018 seconds.
  path: Assets/Platforms/Prefabs/Button Platform 01 Blue.prefab
  artifactKey: Guid(6f360d966d3303542b0bbc78a89a8cd1) Importer(815301076,1909f56bfc062723c751e8b465ee728b)
Start importing Assets/Platforms/Prefabs/Button Platform 01 Blue.prefab using Guid(6f360d966d3303542b0bbc78a89a8cd1) Importer(815301076,1909f56bfc062723c751e8b465ee728b)  -> (artifact id: 'b797e0a6e6888f3cd84a6c7eb1a30ba6') in 0.021225 seconds 
========================================================================
Received Import Request.
  Time since last request: 0.000039 seconds.
  path: Assets/Platforms/Prefabs/Waypoint 01.prefab
  artifactKey: Guid(19c412f8f5af8fa4dbe5adbf58d317e6) Importer(815301076,1909f56bfc062723c751e8b465ee728b)
Start importing Assets/Platforms/Prefabs/Waypoint 01.prefab using Guid(19c412f8f5af8fa4dbe5adbf58d317e6) Importer(815301076,1909f56bfc062723c751e8b465ee728b)  -> (artifact id: '03b9080bab2ae2970d01ddb64d18f2ed') in 0.022055 seconds 
========================================================================
Received Prepare
Registering precompiled user dll's ...
Registered in 0.011760 seconds.
Begin MonoManager ReloadAssembly
Native extension for WindowsStandalone target not found
Refreshing native plugins compatible for Editor in 0.94 ms, found 2 plugins.
Preloading 0 native plugins for Editor in 0.00 ms.
Mono: successfully reloaded assembly
- Completed reload, in  3.173 seconds
Domain Reload Profiling:
	ReloadAssembly (3177ms)
		BeginReloadAssembly (649ms)
			ExecutionOrderSort (0ms)
			DisableScriptedObjects (65ms)
			BackupInstance (0ms)
			ReleaseScriptingObjects (0ms)
			CreateAndSetChildDomain (240ms)
		EndReloadAssembly (2184ms)
			LoadAssemblies (277ms)
			RebuildTransferFunctionScriptingTraits (0ms)
			SetupTypeCache (677ms)
			ReleaseScriptCaches (2ms)
			RebuildScriptCaches (148ms)
			SetupLoadedEditorAssemblies (1008ms)
				LogAssemblyErrors (0ms)
				InitializePlatformSupportModulesInManaged (37ms)
				SetLoadedEditorAssemblies (2ms)
				RefreshPlugins (1ms)
				BeforeProcessingInitializeOnLoad (178ms)
				ProcessInitializeOnLoadAttributes (682ms)
				ProcessInitializeOnLoadMethodAttributes (72ms)
				AfterProcessingInitializeOnLoad (35ms)
				EditorAssembliesLoaded (0ms)
			ExecutionOrderSort2 (0ms)
			AwakeInstancesAfterBackupRestoration (20ms)
Platform modules already initialized, skipping
Refreshing native plugins compatible for Editor in 4.08 ms, found 2 plugins.
Preloading 0 native plugins for Editor in 0.00 ms.
Unloading 1405 Unused Serialized files (Serialized files now loaded: 0)
Unloading 9 unused Assets / (24.6 KB). Loaded Objects now: 1932.
Memory consumption went from 68.6 MB to 68.6 MB.
Total: 5.977300 ms (FindLiveObjects: 0.235100 ms CreateObjectMapping: 0.155700 ms MarkObjects: 5.537400 ms  DeleteObjects: 0.046300 ms)

AssetImportParameters requested are different than current active one (requested -> active):
  custom:video-decoder-ogg-theora: a1e56fd34408186e4bbccfd4996cb3dc -> 
  custom:container-muxer-webm: aa71ff27fc2769a1b78a27578f13a17b -> 
  custom:container-demuxer-webm: 4f35f7cbe854078d1ac9338744f61a02 -> 
  custom:video-encoder-webm-vp8: eb34c28f22e8b96e1ab97ce403110664 -> 
  custom:video-codec-MediaFoundation-h265: 746d11721c4dcdbdad8f713fa42b33f4 -> 
  custom:audio-encoder-webm-vorbis: bf7c407c2cedff20999df2af8eb42d56 -> 
  custom:framework-win-MediaFoundation: 216162199b28c13a410421893ffa2e32 -> 
  custom:container-demuxer-ogg: 62fdf1f143b41e24485cea50d1cbac27 -> 
  custom:video-decoder-webm-vp8: 9c59270c3fd7afecdb556c50c9e8de78 -> 
  custom:audio-decoder-ogg-vorbis: bf7c407c2cedff20999df2af8eb42d56 -> 
========================================================================
Received Prepare
Registering precompiled user dll's ...
Registered in 0.006155 seconds.
Begin MonoManager ReloadAssembly
Native extension for WindowsStandalone target not found
Refreshing native plugins compatible for Editor in 0.54 ms, found 2 plugins.
Preloading 0 native plugins for Editor in 0.00 ms.
Mono: successfully reloaded assembly
- Completed reload, in  2.576 seconds
Domain Reload Profiling:
	ReloadAssembly (2579ms)
		BeginReloadAssembly (347ms)
			ExecutionOrderSort (0ms)
			DisableScriptedObjects (17ms)
			BackupInstance (0ms)
			ReleaseScriptingObjects (0ms)
			CreateAndSetChildDomain (106ms)
		EndReloadAssembly (1983ms)
			LoadAssemblies (198ms)
			RebuildTransferFunctionScriptingTraits (0ms)
			SetupTypeCache (414ms)
			ReleaseScriptCaches (4ms)
			RebuildScriptCaches (125ms)
			SetupLoadedEditorAssemblies (1094ms)
				LogAssemblyErrors (0ms)
				InitializePlatformSupportModulesInManaged (35ms)
				SetLoadedEditorAssemblies (1ms)
				RefreshPlugins (1ms)
				BeforeProcessingInitializeOnLoad (175ms)
				ProcessInitializeOnLoadAttributes (758ms)
				ProcessInitializeOnLoadMethodAttributes (89ms)
				AfterProcessingInitializeOnLoad (35ms)
				EditorAssembliesLoaded (0ms)
			ExecutionOrderSort2 (0ms)
			AwakeInstancesAfterBackupRestoration (20ms)
Platform modules already initialized, skipping
Refreshing native plugins compatible for Editor in 3.12 ms, found 2 plugins.
Preloading 0 native plugins for Editor in 0.00 ms.
Unloading 1405 Unused Serialized files (Serialized files now loaded: 0)
Unloading 9 unused Assets / (24.7 KB). Loaded Objects now: 1935.
Memory consumption went from 68.6 MB to 68.6 MB.
Total: 5.505400 ms (FindLiveObjects: 0.288300 ms CreateObjectMapping: 0.070800 ms MarkObjects: 5.102600 ms  DeleteObjects: 0.039900 ms)

AssetImportParameters requested are different than current active one (requested -> active):
  custom:video-decoder-ogg-theora: a1e56fd34408186e4bbccfd4996cb3dc -> 
  custom:container-muxer-webm: aa71ff27fc2769a1b78a27578f13a17b -> 
  custom:container-demuxer-webm: 4f35f7cbe854078d1ac9338744f61a02 -> 
  custom:video-encoder-webm-vp8: eb34c28f22e8b96e1ab97ce403110664 -> 
  custom:video-codec-MediaFoundation-h265: 746d11721c4dcdbdad8f713fa42b33f4 -> 
  custom:audio-encoder-webm-vorbis: bf7c407c2cedff20999df2af8eb42d56 -> 
  custom:framework-win-MediaFoundation: 216162199b28c13a410421893ffa2e32 -> 
  custom:container-demuxer-ogg: 62fdf1f143b41e24485cea50d1cbac27 -> 
  custom:video-decoder-webm-vp8: 9c59270c3fd7afecdb556c50c9e8de78 -> 
  custom:audio-decoder-ogg-vorbis: bf7c407c2cedff20999df2af8eb42d56 -> 
========================================================================
Received Prepare
Registering precompiled user dll's ...
Registered in 0.007475 seconds.
Begin MonoManager ReloadAssembly
Native extension for WindowsStandalone target not found
Refreshing native plugins compatible for Editor in 1.09 ms, found 2 plugins.
Preloading 0 native plugins for Editor in 0.00 ms.
Mono: successfully reloaded assembly
- Completed reload, in  2.359 seconds
Domain Reload Profiling:
	ReloadAssembly (2360ms)
		BeginReloadAssembly (292ms)
			ExecutionOrderSort (0ms)
			DisableScriptedObjects (15ms)
			BackupInstance (0ms)
			ReleaseScriptingObjects (0ms)
			CreateAndSetChildDomain (74ms)
		EndReloadAssembly (1839ms)
			LoadAssemblies (184ms)
			RebuildTransferFunctionScriptingTraits (0ms)
			SetupTypeCache (434ms)
			ReleaseScriptCaches (2ms)
			RebuildScriptCaches (102ms)
			SetupLoadedEditorAssemblies (953ms)
				LogAssemblyErrors (0ms)
				InitializePlatformSupportModulesInManaged (40ms)
				SetLoadedEditorAssemblies (2ms)
				RefreshPlugins (1ms)
				BeforeProcessingInitializeOnLoad (142ms)
				ProcessInitializeOnLoadAttributes (631ms)
				ProcessInitializeOnLoadMethodAttributes (98ms)
				AfterProcessingInitializeOnLoad (37ms)
				EditorAssembliesLoaded (1ms)
			ExecutionOrderSort2 (0ms)
			AwakeInstancesAfterBackupRestoration (25ms)
Platform modules already initialized, skipping
Refreshing native plugins compatible for Editor in 5.50 ms, found 2 plugins.
Preloading 0 native plugins for Editor in 0.00 ms.
Unloading 1405 Unused Serialized files (Serialized files now loaded: 0)
Unloading 9 unused Assets / (24.6 KB). Loaded Objects now: 1938.
Memory consumption went from 68.6 MB to 68.6 MB.
Total: 23.289300 ms (FindLiveObjects: 0.340200 ms CreateObjectMapping: 0.159900 ms MarkObjects: 22.734400 ms  DeleteObjects: 0.051900 ms)

AssetImportParameters requested are different than current active one (requested -> active):
  custom:video-decoder-ogg-theora: a1e56fd34408186e4bbccfd4996cb3dc -> 
  custom:container-muxer-webm: aa71ff27fc2769a1b78a27578f13a17b -> 
  custom:container-demuxer-webm: 4f35f7cbe854078d1ac9338744f61a02 -> 
  custom:video-encoder-webm-vp8: eb34c28f22e8b96e1ab97ce403110664 -> 
  custom:video-codec-MediaFoundation-h265: 746d11721c4dcdbdad8f713fa42b33f4 -> 
  custom:audio-encoder-webm-vorbis: bf7c407c2cedff20999df2af8eb42d56 -> 
  custom:framework-win-MediaFoundation: 216162199b28c13a410421893ffa2e32 -> 
  custom:container-demuxer-ogg: 62fdf1f143b41e24485cea50d1cbac27 -> 
  custom:video-decoder-webm-vp8: 9c59270c3fd7afecdb556c50c9e8de78 -> 
  custom:audio-decoder-ogg-vorbis: bf7c407c2cedff20999df2af8eb42d56 -> 
========================================================================
Received Prepare
Registering precompiled user dll's ...
Registered in 0.008897 seconds.
Begin MonoManager ReloadAssembly
Native extension for WindowsStandalone target not found
Refreshing native plugins compatible for Editor in 0.42 ms, found 2 plugins.
Preloading 0 native plugins for Editor in 0.00 ms.
Mono: successfully reloaded assembly
- Completed reload, in  2.102 seconds
Domain Reload Profiling:
	ReloadAssembly (2104ms)
		BeginReloadAssembly (265ms)
			ExecutionOrderSort (0ms)
			DisableScriptedObjects (16ms)
			BackupInstance (0ms)
			ReleaseScriptingObjects (0ms)
			CreateAndSetChildDomain (53ms)
		EndReloadAssembly (1635ms)
			LoadAssemblies (167ms)
			RebuildTransferFunctionScriptingTraits (0ms)
			SetupTypeCache (409ms)
			ReleaseScriptCaches (2ms)
			RebuildScriptCaches (105ms)
			SetupLoadedEditorAssemblies (820ms)
				LogAssemblyErrors (0ms)
				InitializePlatformSupportModulesInManaged (39ms)
				SetLoadedEditorAssemblies (3ms)
				RefreshPlugins (1ms)
				BeforeProcessingInitializeOnLoad (143ms)
				ProcessInitializeOnLoadAttributes (539ms)
				ProcessInitializeOnLoadMethodAttributes (63ms)
				AfterProcessingInitializeOnLoad (33ms)
				EditorAssembliesLoaded (0ms)
			ExecutionOrderSort2 (0ms)
			AwakeInstancesAfterBackupRestoration (31ms)
Platform modules already initialized, skipping
Refreshing native plugins compatible for Editor in 3.97 ms, found 2 plugins.
Preloading 0 native plugins for Editor in 0.00 ms.
Unloading 1405 Unused Serialized files (Serialized files now loaded: 0)
Unloading 9 unused Assets / (24.6 KB). Loaded Objects now: 1941.
Memory consumption went from 68.6 MB to 68.6 MB.
Total: 3.939100 ms (FindLiveObjects: 0.142800 ms CreateObjectMapping: 0.056700 ms MarkObjects: 3.707800 ms  DeleteObjects: 0.030400 ms)

AssetImportParameters requested are different than current active one (requested -> active):
  custom:video-decoder-ogg-theora: a1e56fd34408186e4bbccfd4996cb3dc -> 
  custom:container-muxer-webm: aa71ff27fc2769a1b78a27578f13a17b -> 
  custom:container-demuxer-webm: 4f35f7cbe854078d1ac9338744f61a02 -> 
  custom:video-encoder-webm-vp8: eb34c28f22e8b96e1ab97ce403110664 -> 
  custom:video-codec-MediaFoundation-h265: 746d11721c4dcdbdad8f713fa42b33f4 -> 
  custom:audio-encoder-webm-vorbis: bf7c407c2cedff20999df2af8eb42d56 -> 
  custom:framework-win-MediaFoundation: 216162199b28c13a410421893ffa2e32 -> 
  custom:container-demuxer-ogg: 62fdf1f143b41e24485cea50d1cbac27 -> 
  custom:video-decoder-webm-vp8: 9c59270c3fd7afecdb556c50c9e8de78 -> 
  custom:audio-decoder-ogg-vorbis: bf7c407c2cedff20999df2af8eb42d56 -> 
========================================================================
Received Prepare
Registering precompiled user dll's ...
Registered in 0.010062 seconds.
Begin MonoManager ReloadAssembly
Native extension for WindowsStandalone target not found
Refreshing native plugins compatible for Editor in 0.74 ms, found 2 plugins.
Preloading 0 native plugins for Editor in 0.00 ms.
Mono: successfully reloaded assembly
- Completed reload, in  2.382 seconds
Domain Reload Profiling:
	ReloadAssembly (2384ms)
		BeginReloadAssembly (321ms)
			ExecutionOrderSort (0ms)
			DisableScriptedObjects (16ms)
			BackupInstance (0ms)
			ReleaseScriptingObjects (0ms)
			CreateAndSetChildDomain (64ms)
		EndReloadAssembly (1827ms)
			LoadAssemblies (211ms)
			RebuildTransferFunctionScriptingTraits (0ms)
			SetupTypeCache (469ms)
			ReleaseScriptCaches (1ms)
			RebuildScriptCaches (110ms)
			SetupLoadedEditorAssemblies (920ms)
				LogAssemblyErrors (0ms)
				InitializePlatformSupportModulesInManaged (46ms)
				SetLoadedEditorAssemblies (1ms)
				RefreshPlugins (1ms)
				BeforeProcessingInitializeOnLoad (160ms)
				ProcessInitializeOnLoadAttributes (602ms)
				ProcessInitializeOnLoadMethodAttributes (74ms)
				AfterProcessingInitializeOnLoad (35ms)
				EditorAssembliesLoaded (0ms)
			ExecutionOrderSort2 (0ms)
			AwakeInstancesAfterBackupRestoration (20ms)
Platform modules already initialized, skipping
Refreshing native plugins compatible for Editor in 2.09 ms, found 2 plugins.
Preloading 0 native plugins for Editor in 0.00 ms.
Unloading 1405 Unused Serialized files (Serialized files now loaded: 0)
Unloading 9 unused Assets / (24.7 KB). Loaded Objects now: 1944.
Memory consumption went from 68.6 MB to 68.6 MB.
Total: 3.358800 ms (FindLiveObjects: 0.189800 ms CreateObjectMapping: 0.081900 ms MarkObjects: 3.056200 ms  DeleteObjects: 0.029100 ms)

AssetImportParameters requested are different than current active one (requested -> active):
  custom:video-decoder-ogg-theora: a1e56fd34408186e4bbccfd4996cb3dc -> 
  custom:container-muxer-webm: aa71ff27fc2769a1b78a27578f13a17b -> 
  custom:container-demuxer-webm: 4f35f7cbe854078d1ac9338744f61a02 -> 
  custom:video-encoder-webm-vp8: eb34c28f22e8b96e1ab97ce403110664 -> 
  custom:video-codec-MediaFoundation-h265: 746d11721c4dcdbdad8f713fa42b33f4 -> 
  custom:audio-encoder-webm-vorbis: bf7c407c2cedff20999df2af8eb42d56 -> 
  custom:framework-win-MediaFoundation: 216162199b28c13a410421893ffa2e32 -> 
  custom:container-demuxer-ogg: 62fdf1f143b41e24485cea50d1cbac27 -> 
  custom:video-decoder-webm-vp8: 9c59270c3fd7afecdb556c50c9e8de78 -> 
  custom:audio-decoder-ogg-vorbis: bf7c407c2cedff20999df2af8eb42d56 -> 
========================================================================
Received Import Request.
  Time since last request: 5657.759574 seconds.
  path: Assets/Sounds/CollectCoin.wav
  artifactKey: Guid(b4258da4a64654986bde1ac116bf4462) Importer(815301076,1909f56bfc062723c751e8b465ee728b)
Start importing Assets/Sounds/CollectCoin.wav using Guid(b4258da4a64654986bde1ac116bf4462) Importer(815301076,1909f56bfc062723c751e8b465ee728b)  -> (artifact id: '07b80c543d30412c5afe5ffe90194210') in 0.251336 seconds 
========================================================================
Received Import Request.
  Time since last request: 0.000041 seconds.
  path: Assets/Sounds/Running.mp3
  artifactKey: Guid(31f69a3c3e7d14e59ad372fb79c01d20) Importer(815301076,1909f56bfc062723c751e8b465ee728b)
Start importing Assets/Sounds/Running.mp3 using Guid(31f69a3c3e7d14e59ad372fb79c01d20) Importer(815301076,1909f56bfc062723c751e8b465ee728b)  -> (artifact id: 'b4c0ebdf2df4dcfe368371304a910e32') in 0.035315 seconds 
========================================================================
Received Prepare
Registering precompiled user dll's ...
Registered in 0.017734 seconds.
Begin MonoManager ReloadAssembly
Native extension for WindowsStandalone target not found
Refreshing native plugins compatible for Editor in 0.61 ms, found 2 plugins.
Preloading 0 native plugins for Editor in 0.00 ms.
Mono: successfully reloaded assembly
- Completed reload, in  2.261 seconds
Domain Reload Profiling:
	ReloadAssembly (2262ms)
		BeginReloadAssembly (321ms)
			ExecutionOrderSort (0ms)
			DisableScriptedObjects (17ms)
			BackupInstance (0ms)
			ReleaseScriptingObjects (0ms)
			CreateAndSetChildDomain (63ms)
		EndReloadAssembly (1678ms)
			LoadAssemblies (214ms)
			RebuildTransferFunctionScriptingTraits (0ms)
			SetupTypeCache (422ms)
			ReleaseScriptCaches (1ms)
			RebuildScriptCaches (102ms)
			SetupLoadedEditorAssemblies (855ms)
				LogAssemblyErrors (0ms)
				InitializePlatformSupportModulesInManaged (34ms)
				SetLoadedEditorAssemblies (1ms)
				RefreshPlugins (1ms)
				BeforeProcessingInitializeOnLoad (139ms)
				ProcessInitializeOnLoadAttributes (564ms)
				ProcessInitializeOnLoadMethodAttributes (76ms)
				AfterProcessingInitializeOnLoad (37ms)
				EditorAssembliesLoaded (2ms)
			ExecutionOrderSort2 (0ms)
			AwakeInstancesAfterBackupRestoration (22ms)
Platform modules already initialized, skipping
Refreshing native plugins compatible for Editor in 3.23 ms, found 2 plugins.
Preloading 0 native plugins for Editor in 0.00 ms.
Unloading 1405 Unused Serialized files (Serialized files now loaded: 0)
Unloading 9 unused Assets / (24.7 KB). Loaded Objects now: 1949.
Memory consumption went from 68.7 MB to 68.7 MB.
Total: 7.739300 ms (FindLiveObjects: 0.252700 ms CreateObjectMapping: 0.218700 ms MarkObjects: 7.218500 ms  DeleteObjects: 0.047200 ms)

AssetImportParameters requested are different than current active one (requested -> active):
  custom:video-decoder-ogg-theora: a1e56fd34408186e4bbccfd4996cb3dc -> 
  custom:container-muxer-webm: aa71ff27fc2769a1b78a27578f13a17b -> 
  custom:container-demuxer-webm: 4f35f7cbe854078d1ac9338744f61a02 -> 
  custom:video-encoder-webm-vp8: eb34c28f22e8b96e1ab97ce403110664 -> 
  custom:video-codec-MediaFoundation-h265: 746d11721c4dcdbdad8f713fa42b33f4 -> 
  custom:audio-encoder-webm-vorbis: bf7c407c2cedff20999df2af8eb42d56 -> 
  custom:framework-win-MediaFoundation: 216162199b28c13a410421893ffa2e32 -> 
  custom:container-demuxer-ogg: 62fdf1f143b41e24485cea50d1cbac27 -> 
  custom:video-decoder-webm-vp8: 9c59270c3fd7afecdb556c50c9e8de78 -> 
  custom:audio-decoder-ogg-vorbis: bf7c407c2cedff20999df2af8eb42d56 -> 
